<?xml version="1.0" encoding="UTF-8"?>
<!-- Generated by org.testng.reporters.JUnitXMLReporter -->
<testsuite hostname="INPUF5ZW7H2" ignored="0" name="Default test" tests="3" failures="0" timestamp="2020-11-11T17:24:09 IST" time="101.22" errors="0">
  <testcase name="read" time="5.237" classname="com.capco.ProviderDemo"/>
  <testcase name="read" time="5.53" classname="com.capco.ProviderDemo"/>
  <testcase name="read" time="5.983" classname="com.capco.ProviderDemo"/>
</testsuite> <!-- Default test -->
