<?xml version="1.0" encoding="UTF-8"?>
<testng-results skipped="0" failed="0" ignored="0" total="3" passed="3">
  <reporter-output>
  </reporter-output>
  <suite name="Default suite" duration-ms="101220" started-at="2020-11-11T17:22:27 IST" finished-at="2020-11-11T17:24:09 IST">
    <groups>
    </groups>
    <test name="Default test" duration-ms="101220" started-at="2020-11-11T17:22:27 IST" finished-at="2020-11-11T17:24:09 IST">
      <class name="com.capco.ProviderDemo">
        <test-method status="PASS" signature="startTest()[pri:0, instance:com.capco.ProviderDemo@34c4973]" name="startTest" is-config="true" duration-ms="157" started-at="2020-11-11T17:22:27 IST" finished-at="2020-11-11T17:22:28 IST">
          <reporter-output>
          </reporter-output>
        </test-method> <!-- startTest -->
        <test-method status="PASS" signature="setUp()[pri:0, instance:com.capco.ProviderDemo@34c4973]" name="setUp" is-config="true" duration-ms="31021" started-at="2020-11-11T17:22:29 IST" finished-at="2020-11-11T17:23:00 IST">
          <reporter-output>
          </reporter-output>
        </test-method> <!-- setUp -->
        <test-method status="PASS" signature="read([Ljava.lang.Object;)[pri:0, instance:com.capco.ProviderDemo@34c4973]" name="read" duration-ms="5237" started-at="2020-11-11T17:23:00 IST" data-provider="getData" finished-at="2020-11-11T17:23:05 IST">
          <params>
            <param index="0">
              <value>
                <![CDATA[[Ljava.lang.Object;@ca27722]]>
              </value>
            </param>
          </params>
          <reporter-output>
          </reporter-output>
        </test-method> <!-- read -->
        <test-method status="PASS" signature="burnDown()[pri:0, instance:com.capco.ProviderDemo@34c4973]" name="burnDown" is-config="true" duration-ms="1065" started-at="2020-11-11T17:23:05 IST" finished-at="2020-11-11T17:23:06 IST">
          <reporter-output>
          </reporter-output>
        </test-method> <!-- burnDown -->
        <test-method status="PASS" signature="setUp()[pri:0, instance:com.capco.ProviderDemo@34c4973]" name="setUp" is-config="true" duration-ms="26386" started-at="2020-11-11T17:23:06 IST" finished-at="2020-11-11T17:23:32 IST">
          <reporter-output>
          </reporter-output>
        </test-method> <!-- setUp -->
        <test-method status="PASS" signature="read([Ljava.lang.Object;)[pri:0, instance:com.capco.ProviderDemo@34c4973]" name="read" duration-ms="5530" started-at="2020-11-11T17:23:32 IST" data-provider="getData" finished-at="2020-11-11T17:23:38 IST">
          <params>
            <param index="0">
              <value>
                <![CDATA[[Ljava.lang.Object;@70ab80e3]]>
              </value>
            </param>
          </params>
          <reporter-output>
          </reporter-output>
        </test-method> <!-- read -->
        <test-method status="PASS" signature="burnDown()[pri:0, instance:com.capco.ProviderDemo@34c4973]" name="burnDown" is-config="true" duration-ms="824" started-at="2020-11-11T17:23:38 IST" finished-at="2020-11-11T17:23:39 IST">
          <reporter-output>
          </reporter-output>
        </test-method> <!-- burnDown -->
        <test-method status="PASS" signature="setUp()[pri:0, instance:com.capco.ProviderDemo@34c4973]" name="setUp" is-config="true" duration-ms="23184" started-at="2020-11-11T17:23:39 IST" finished-at="2020-11-11T17:24:02 IST">
          <reporter-output>
          </reporter-output>
        </test-method> <!-- setUp -->
        <test-method status="PASS" signature="read([Ljava.lang.Object;)[pri:0, instance:com.capco.ProviderDemo@34c4973]" name="read" duration-ms="5983" started-at="2020-11-11T17:24:02 IST" data-provider="getData" finished-at="2020-11-11T17:24:08 IST">
          <params>
            <param index="0">
              <value>
                <![CDATA[[Ljava.lang.Object;@9573b3b]]>
              </value>
            </param>
          </params>
          <reporter-output>
          </reporter-output>
        </test-method> <!-- read -->
        <test-method status="PASS" signature="burnDown()[pri:0, instance:com.capco.ProviderDemo@34c4973]" name="burnDown" is-config="true" duration-ms="813" started-at="2020-11-11T17:24:08 IST" finished-at="2020-11-11T17:24:09 IST">
          <reporter-output>
          </reporter-output>
        </test-method> <!-- burnDown -->
      </class> <!-- com.capco.ProviderDemo -->
    </test> <!-- Default test -->
  </suite> <!-- Default suite -->
</testng-results>
